IQ-TREE multicore version 1.6.12 for Linux 64-bit built Aug 15 2019
Developed by Bui Quang Minh, Nguyen Lam Tung, Olga Chernomor,
Heiko Schmidt, Dominik Schrempf, Michael Woodhams.

Host:    c1401 (AVX512, FMA3, 187 GB RAM)
Command: iqtree -s /scrfs/storage/amatthews/20230419_projects/20230512_cowbird/02_alignment_20241129/bhco_global.fasta.mafftaligned.fasta -m MFP -merit AICc -bb 1000 -nt AUTO -pre /scrfs/storage/amatthews/20230419_projects/20230512_cowbird/02_alignment_20241129/bhco_COI_AICc
Seed:    629317 (Using SPRNG - Scalable Parallel Random Number Generator)
Time:    Fri Nov 29 14:53:51 2024
Kernel:  AVX+FMA - auto-detect threads (32 CPU cores detected)

Reading alignment file /scrfs/storage/amatthews/20230419_projects/20230512_cowbird/02_alignment_20241129/bhco_global.fasta.mafftaligned.fasta ... Fasta format detected
Alignment most likely contains DNA/RNA sequences
Alignment has 26 sequences with 1506 columns, 456 distinct patterns
447 parsimony-informative, 73 singleton sites, 986 constant sites
                                                                                    Gap/Ambiguity  Composition  p-value
   1  Proctophyllodes_quadratus_ex_Setophaga_petechia_YEWA941P_Pr                           0.00%    passed     51.07%
   2  Trouessartia_sp_ex_Setophaga_petechia_YEWA941P_Tr                                     0.00%    passed     89.73%
   3  Amerodectes_protonotaria_ex_Protonotaria_citrea_PROW974R                              0.00%    passed     93.70%
   4  Amerodectes_protonotaria_ex_Protonotaria_citrea_PROW978R                              0.00%    passed     91.89%
   5  Amerodectes_protonotaria_ex_Protonotaria_citrea_PROW979R                              0.00%    passed     86.79%
   6  Amerodectes_hribari_ex_Oporornis_agilis_CONW930R                                      0.00%    passed     96.67%
   7  Amerodectes_hribari_ex_Setophaga_pinus_PIWA948R                                       0.00%    passed     96.67%
   8  Amerodectes_hribari_ex_Geothlypis_trichas_COYE868R                                    0.00%    passed     98.83%
   9  Amerodectes_seiurus_ex_Seiurus_aurocapilla_OVEN614P                                   0.00%    passed     79.67%
  10  Amerodectes_seiurus_ex_Leiothlypis_ruficapilla_NAWA328A                               0.00%    passed     74.89%
  11  Amerodectes_seiurus_ex_Geothlypis_formosa_KEWA584                                     0.00%    passed     76.02%
  12  Amerodectes_helmitheros_ex_Limnothlypis_swainsonii_SWWA980R                           0.00%    passed     75.32%
  13  Amerodectes_helmitheros_ex_Helmitheros_vermivorum_WEWA727R                            0.00%    passed     80.09%
  14  Amerodectes_ischyros_ex_Setophaga_tigrina_CMWA952R                                    0.00%    passed     30.33%
  15  Amerodectes_ischyros_ex_Cardellina_canadensis_CAWA366A                                0.00%    passed     35.06%
  16  Amerodectes_ischyros_ex_Setophaga_fusca_BLBW861R                                      0.00%    passed     23.57%
  17  Amerodectes_jonesborensis_ex_Parkesia_noveboracensis_NOWA315A                         0.00%    passed     91.87%
  18  Amerodectes_jonesborensis_ex_Parkesia_motacilla_LOWA438A                              0.00%    passed     97.29%
  19  Amerodectes_sp_n_1_ex_Mniotilta_varia_BAWW968P                                        0.00%    passed     98.16%
  20  Tyrannidectes_charitomenos_ex_Setophaga_americana_NOPA676R                            0.00%    passed     11.59%
  21  Tyrannidectes_charitomenos_ex_Setophaga_dominica_YTWA970R                             0.00%    passed     13.50%
  22  Amerodectes_sp_ex_adult_Molothrus_ater_BHCO20200521                                   0.00%    passed     96.58%
  23  Proctophyllodes_sp_ex_adult_Molothrus_ater_BHCO20200521                               0.00%    passed     34.94%
  24  Amerodectes_protonotaria_ex_nestling_Molothrus_ater_BHCOLakeHogue                     0.00%    passed     88.19%
  25  Amerodectes_tretiakae_ex_Molothrus_ater_LGAP147_BMOC08-0515-508_3317_MW814704        32.47%    passed     78.53%
  26  Proctophyllodes_egglestoni_ex_Molothrus_ater_LGAP149_BMOC08-0515-508_3319_MW814706   32.47%    passed     72.37%
****  TOTAL                                                                                 2.50%  0 sequences failed composition chi2 test (p-value<5%; df=3)


Create initial parsimony tree by phylogenetic likelihood library (PLL)... 0.002 seconds
NOTE: ModelFinder requires 5 MB RAM!
ModelFinder will test 286 DNA models (sample size: 1506) ...
 No. Model         -LnL         df  AIC          AICc         BIC
Measuring multi-threading efficiency up to 32 CPU cores
Increase to 10 rounds for branch lengths
8019 trees examined
Threads: 1 / Time: 32.002 sec / Speedup: 1.000 / Efficiency: 100% / LogL: -15199
Threads: 2 / Time: 52.575 sec / Speedup: 0.609 / Efficiency: 30% / LogL: -15199
BEST NUMBER OF THREADS: 1

  1  JC            9329.534     49  18757.067    18760.433    19017.611
  2  JC+I          8611.885     50  17323.769    17327.274    17589.630
  3  JC+G4         8579.524     50  17259.048    17262.553    17524.908
  4  JC+I+G4       8579.595     51  17261.190    17264.837    17532.367
  5  JC+R2         8634.493     51  17370.987    17374.635    17642.165
  6  JC+R3         8592.982     53  17291.963    17295.905    17573.775
  7  JC+R4         8583.896     55  17277.792    17282.040    17570.239
  8  JC+R5         8580.770     57  17275.540    17280.107    17578.621
  9  JC+R6         8571.996     59  17261.993    17266.889    17575.708
 10  JC+R7         8571.790     61  17265.580    17270.818    17589.930
 14  F81+F         9231.722     52  18567.444    18571.237    18843.939
 15  F81+F+I       8440.015     53  16986.030    16989.972    17267.842
 16  F81+F+G4      8426.938     53  16959.877    16963.819    17241.689
 17  F81+F+I+G4    8435.538     54  16979.076    16983.170    17266.205
 18  F81+F+R2      8477.970     54  17063.941    17068.035    17351.070
 19  F81+F+R3      8443.091     56  16998.182    17002.588    17295.946
 20  F81+F+R4      8430.512     58  16977.024    16981.754    17285.422
 21  F81+F+R5      8425.536     60  16971.071    16976.137    17290.104
 22  F81+F+R6      8416.650     62  16957.301    16962.714    17286.968
 23  F81+F+R7      8416.263     64  16960.526    16966.300    17300.827
 27  K2P           9027.461     50  18154.921    18158.427    18420.782
 28  K2P+I         8275.802     51  16653.603    16657.251    16924.781
 29  K2P+G4        8227.107     51  16556.215    16559.863    16827.393
 30  K2P+I+G4      8207.587     52  16519.174    16522.968    16795.669
 31  K2P+R2        8253.887     52  16611.773    16615.567    16888.268
 32  K2P+R3        8237.818     54  16583.636    16587.730    16870.765
 33  K2P+R4        8211.655     56  16535.309    16539.715    16833.073
 34  K2P+R5        8208.864     58  16533.728    16538.458    16842.126
 35  K2P+R6        8205.363     60  16530.726    16535.792    16849.759
 36  K2P+R7        8204.930     62  16533.859    16539.273    16863.526
 40  HKY+F         8856.567     53  17819.134    17823.076    18100.946
 41  HKY+F+I       7941.506     54  15991.012    15995.105    16278.141
 42  HKY+F+G4      7900.246     54  15908.493    15912.587    16195.622
 43  HKY+F+I+G4    7866.694     55  15843.387    15847.636    16135.834
 44  HKY+F+R2      7955.696     55  16021.392    16025.640    16313.838
 45  HKY+F+R3      7932.231     57  15978.461    15983.028    16281.542
 46  HKY+F+R4      7895.677     59  15909.354    15914.251    16223.070
 47  HKY+F+R5      7890.685     61  15903.370    15908.608    16227.720
 48  HKY+F+R6      7883.560     63  15893.120    15898.712    16228.104
 49  HKY+F+R7      7880.879     65  15891.757    15897.715    16237.376
 50  HKY+F+R8      7880.879     67  15895.759    15902.095    16252.012
 53  TNe           9012.173     51  18126.345    18129.993    18397.523
 54  TNe+I         8230.170     52  16564.339    16568.133    16840.834
 55  TNe+G4        8205.329     52  16514.657    16518.451    16791.152
 56  TNe+I+G4      8183.139     53  16472.278    16476.221    16754.091
 57  TNe+R2        8222.442     53  16550.884    16554.826    16832.697
 58  TNe+R3        8213.274     55  16536.548    16540.796    16828.995
 59  TNe+R4        8185.653     57  16485.306    16489.872    16788.387
 60  TNe+R5        8184.982     59  16487.963    16492.859    16801.679
 66  TN+F          8839.396     54  17786.792    17790.886    18073.921
 67  TN+F+I        7929.896     55  15969.792    15974.040    16262.238
 68  TN+F+G4       7899.127     55  15908.254    15912.502    16200.700
 69  TN+F+I+G4     7865.267     56  15842.533    15846.939    16140.297
 70  TN+F+R2       7933.825     56  15979.649    15984.055    16277.413
 71  TN+F+R3       7919.662     58  15955.325    15960.054    16263.723
 72  TN+F+R4       7882.465     60  15884.929    15889.995    16203.962
 73  TN+F+R5       7881.550     62  15887.099    15892.513    16216.766
 79  K3P           9027.379     51  18156.759    18160.407    18427.937
 80  K3P+I         8275.788     52  16655.576    16659.370    16932.071
 81  K3P+G4        8226.610     52  16557.220    16561.014    16833.716
 82  K3P+I+G4      8205.962     53  16517.924    16521.866    16799.736
 83  K3P+R2        8235.118     53  16576.237    16580.179    16858.049
 84  K3P+R3        8233.806     55  16577.612    16581.860    16870.058
 92  K3Pu+F        8856.424     54  17820.848    17824.942    18107.978
 93  K3Pu+F+I      7941.472     55  15992.944    15997.192    16285.390
 94  K3Pu+F+G4     7899.611     55  15909.221    15913.469    16201.668
 95  K3Pu+F+I+G4   7865.316     56  15842.633    15847.039    16140.397
 96  K3Pu+F+R2     7924.765     56  15961.529    15965.935    16259.293
 97  K3Pu+F+R3     7919.634     58  15955.268    15959.997    16263.666
 98  K3Pu+F+R4     7884.201     60  15888.402    15893.468    16207.435
 99  K3Pu+F+R5     7883.182     62  15890.365    15895.778    16220.032
105  TPM2+F        8856.213     54  17820.426    17824.520    18107.555
106  TPM2+F+I      7940.739     55  15991.478    15995.726    16283.925
107  TPM2+F+G4     7900.261     55  15910.521    15914.770    16202.968
108  TPM2+F+I+G4   7866.640     56  15845.280    15849.686    16143.044
109  TPM2+F+R2     7921.063     56  15954.125    15958.531    16251.889
110  TPM2+F+R3     7917.249     58  15950.497    15955.227    16258.895
111  TPM2+F+R4     7885.336     60  15890.671    15895.737    16209.704
112  TPM2+F+R5     7884.292     62  15892.584    15897.998    16222.251
118  TPM2u+F       8856.215     54  17820.430    17824.523    18107.559
119  TPM2u+F+I     7940.741     55  15991.481    15995.730    16283.928
120  TPM2u+F+G4    7900.262     55  15910.524    15914.772    16202.971
121  TPM2u+F+I+G4  7866.629     56  15845.257    15849.663    16143.021
122  TPM2u+F+R2    7918.260     56  15948.519    15952.925    16246.283
123  TPM2u+F+R3    7915.091     58  15946.183    15950.913    16254.581
124  TPM2u+F+R4    7884.339     60  15888.678    15893.744    16207.711
125  TPM2u+F+R5    7884.267     62  15892.534    15897.947    16222.201
131  TPM3+F        8819.127     54  17746.254    17750.348    18033.384
132  TPM3+F+I      7925.064     55  15960.129    15964.377    16252.575
133  TPM3+F+G4     7890.028     55  15890.056    15894.304    16182.502
134  TPM3+F+I+G4   7859.198     56  15830.397    15834.803    16128.161
135  TPM3+F+R2     7902.596     56  15917.191    15921.597    16214.955
136  TPM3+F+R3     7900.587     58  15917.173    15921.903    16225.572
144  TPM3u+F       8819.129     54  17746.258    17750.352    18033.388
145  TPM3u+F+I     7925.066     55  15960.131    15964.380    16252.578
146  TPM3u+F+G4    7890.030     55  15890.060    15894.308    16182.507
147  TPM3u+F+I+G4  7859.236     56  15830.472    15834.878    16128.236
148  TPM3u+F+R2    7900.923     56  15913.846    15918.251    16211.609
149  TPM3u+F+R3    7899.485     58  15914.969    15919.699    16223.367
157  TIMe          9012.084     52  18128.168    18131.961    18404.663
158  TIMe+I        8230.165     53  16566.330    16570.272    16848.142
159  TIMe+G4       8204.982     53  16515.964    16519.906    16797.777
160  TIMe+I+G4     8182.158     54  16472.316    16476.410    16759.446
161  TIMe+R2       8208.475     54  16524.949    16529.043    16812.078
162  TIMe+R3       8208.077     56  16528.154    16532.559    16825.917
170  TIM+F         8839.247     55  17788.494    17792.742    18080.940
171  TIM+F+I       7929.879     56  15971.758    15976.164    16269.522
172  TIM+F+G4      7898.480     56  15908.960    15913.366    16206.724
173  TIM+F+I+G4    7863.895     57  15841.789    15846.355    16144.870
174  TIM+F+R2      7908.600     57  15931.200    15935.766    16234.281
175  TIM+F+R3      7906.699     59  15931.397    15936.294    16245.113
183  TIM2e         9011.874     52  18127.747    18131.541    18404.242
184  TIM2e+I       8229.573     53  16565.146    16569.088    16846.958
185  TIM2e+G4      8205.331     53  16516.661    16520.603    16798.474
186  TIM2e+I+G4    8183.099     54  16474.198    16478.291    16761.327
187  TIM2e+R2      8208.443     54  16524.885    16528.979    16812.014
188  TIM2e+R3      8208.095     56  16528.191    16532.596    16825.954
196  TIM2+F        8839.020     55  17788.040    17792.288    18080.487
197  TIM2+F+I      7929.051     56  15970.102    15974.508    16267.866
198  TIM2+F+G4     7899.128     56  15910.255    15914.661    16208.019
199  TIM2+F+I+G4   7865.167     57  15844.335    15848.901    16147.416
200  TIM2+F+R2     7908.142     57  15930.284    15934.850    16233.365
201  TIM2+F+R3     7905.995     59  15929.989    15934.885    16243.705
209  TIM3e         8918.183     52  17940.367    17944.160    18216.862
210  TIM3e+I       8175.872     53  16457.744    16461.686    16739.556
211  TIM3e+G4      8140.599     53  16387.197    16391.139    16669.010
212  TIM3e+I+G4    8117.942     54  16343.883    16347.977    16631.013
213  TIM3e+R2      8146.690     54  16401.380    16405.474    16688.509
214  TIM3e+R3      8146.471     56  16404.943    16409.349    16702.707
222  TIM3+F        8802.705     55  17715.410    17719.658    18007.856
223  TIM3+F+I      7913.610     56  15939.220    15943.626    16236.984
224  TIM3+F+G4     7887.665     56  15887.330    15891.736    16185.094
225  TIM3+F+I+G4   7855.858     57  15825.716    15830.282    16128.797
226  TIM3+F+R2     7896.950     57  15907.900    15912.466    16210.981
227  TIM3+F+R3     7896.673     59  15911.347    15916.243    16225.062
235  TVMe          8931.471     53  17968.943    17972.885    18250.755
236  TVMe+I        8222.956     54  16553.913    16558.007    16841.042
237  TVMe+G4       8155.751     54  16419.502    16423.596    16706.632
238  TVMe+I+G4     8135.103     55  16380.206    16384.454    16672.653
239  TVMe+R2       8166.613     55  16443.227    16447.475    16735.674
240  TVMe+R3       8137.167     57  16388.334    16392.901    16691.415
241  TVMe+R4       8133.094     59  16384.189    16389.085    16697.904
242  TVMe+R5       8133.004     61  16388.008    16393.246    16712.358
248  TVM+F         8817.511     56  17747.023    17751.429    18044.787
249  TVM+F+I       7923.540     57  15961.080    15965.647    16264.162
250  TVM+F+G4      7888.499     57  15890.998    15895.564    16194.079
251  TVM+F+I+G4    7857.787     58  15831.575    15836.305    16139.973
252  TVM+F+R2      7905.748     58  15927.496    15932.226    16235.895
253  TVM+F+R3      7881.234     60  15882.468    15887.534    16201.501
254  TVM+F+R4      7870.010     62  15864.020    15869.433    16193.687
255  TVM+F+R5      7869.912     64  15867.825    15873.598    16208.126
261  SYM           8917.045     54  17942.090    17946.183    18229.219
262  SYM+I         8174.307     55  16458.614    16462.862    16751.061
263  SYM+G4        8139.721     55  16389.443    16393.691    16681.889
264  SYM+I+G4      8117.259     56  16346.518    16350.924    16644.282
265  SYM+R2        8145.949     56  16403.897    16408.303    16701.661
266  SYM+R3        8117.284     58  16350.569    16355.299    16658.967
267  SYM+R4        8114.867     60  16349.734    16354.799    16668.766
268  SYM+R5        8114.772     62  16353.544    16358.958    16683.211
274  GTR+F         8800.989     57  17715.978    17720.544    18019.059
275  GTR+F+I       7911.757     58  15939.514    15944.244    16247.913
276  GTR+F+G4      7886.144     58  15888.289    15893.019    16196.687
277  GTR+F+I+G4    7855.216     59  15828.433    15833.329    16142.148
278  GTR+F+R2      7898.768     59  15915.536    15920.433    16229.252
279  GTR+F+R3      7869.140     61  15860.281    15865.519    16184.630
280  GTR+F+R4      7864.265     63  15854.530    15860.122    16189.514
281  GTR+F+R5      7864.256     65  15858.512    15864.470    16204.131
Akaike Information Criterion:           TIM3+F+I+G4
Corrected Akaike Information Criterion: TIM3+F+I+G4
Bayesian Information Criterion:         TPM3+F+I+G4
Best-fit model: TIM3+F+I+G4 chosen according to AICc

All model information printed to /scrfs/storage/amatthews/20230419_projects/20230512_cowbird/02_alignment_20241129/bhco_COI_AICc.model.gz
CPU time for ModelFinder: 152.280 seconds (0h:2m:32s)
Wall-clock time for ModelFinder: 100.021 seconds (0h:1m:40s)
Generating 1000 samples for ultrafast bootstrap (seed: 629317)...

NOTE: 3 MB RAM (0 GB) is required!
Measuring multi-threading efficiency up to 32 CPU cores
Increase to 10 rounds for branch lengths
2465 trees examined
Threads: 1 / Time: 32.010 sec / Speedup: 1.000 / Efficiency: 100% / LogL: -12194
Threads: 2 / Time: 44.573 sec / Speedup: 0.718 / Efficiency: 36% / LogL: -12194
BEST NUMBER OF THREADS: 1

Estimate model parameters (epsilon = 0.100)
Thoroughly optimizing +I+G parameters from 10 start values...
Init pinv, alpha: 0.000, 1.000 / Estimate: 0.000, 0.152 / LogL: -7887.666
Init pinv, alpha: 0.073, 1.000 / Estimate: 0.071, 0.173 / LogL: -7887.699
Init pinv, alpha: 0.145, 1.000 / Estimate: 0.153, 0.203 / LogL: -7886.578
Init pinv, alpha: 0.218, 1.000 / Estimate: 0.605, 1.109 / LogL: -7855.831
Init pinv, alpha: 0.291, 1.000 / Estimate: 0.604, 1.097 / LogL: -7855.849
Init pinv, alpha: 0.364, 1.000 / Estimate: 0.605, 1.101 / LogL: -7855.842
Init pinv, alpha: 0.436, 1.000 / Estimate: 0.605, 1.110 / LogL: -7855.841
Init pinv, alpha: 0.509, 1.000 / Estimate: 0.605, 1.104 / LogL: -7855.841
Init pinv, alpha: 0.582, 1.000 / Estimate: 0.604, 1.101 / LogL: -7855.849
Init pinv, alpha: 0.655, 1.000 / Estimate: 0.611, 1.190 / LogL: -7855.818
Optimal pinv,alpha: 0.611, 1.190 / LogL: -7855.818

Parameters optimization took 1.726 sec
Computing ML distances based on estimated model parameters... 0.005 sec
Computing BIONJ tree...
0.003 seconds
Log-likelihood of BIONJ tree: -7855.124
--------------------------------------------------------------------
|             INITIALIZING CANDIDATE TREE SET                      |
--------------------------------------------------------------------
Generating 98 parsimony trees... 0.145 second
Computing log-likelihood of 98 initial trees ... 0.318 seconds
Current best score: -7847.072

Do NNI search on 20 best initial trees
Estimate model parameters (epsilon = 0.100)
BETTER TREE FOUND at iteration 1: -7843.466
Iteration 10 / LogL: -7843.800 / Time: 0h:1m:19s
Iteration 20 / LogL: -7852.199 / Time: 0h:1m:19s
Finish initializing candidate tree set (5)
Current best tree score: -7843.466 / CPU time: 0.974
Number of iterations: 20
--------------------------------------------------------------------
|               OPTIMIZING CANDIDATE TREE SET                      |
--------------------------------------------------------------------
Iteration 30 / LogL: -7843.584 / Time: 0h:1m:19s (0h:3m:15s left)
Iteration 40 / LogL: -7844.431 / Time: 0h:1m:20s (0h:2m:5s left)
Iteration 50 / LogL: -7843.479 / Time: 0h:1m:20s (0h:1m:23s left)
Log-likelihood cutoff on original alignment: -7869.604
Iteration 60 / LogL: -7851.788 / Time: 0h:1m:20s (0h:0m:56s left)
Iteration 70 / LogL: -7843.486 / Time: 0h:1m:21s (0h:0m:36s left)
Iteration 80 / LogL: -7844.217 / Time: 0h:1m:21s (0h:0m:21s left)
Iteration 90 / LogL: -7843.531 / Time: 0h:1m:22s (0h:0m:10s left)
Iteration 100 / LogL: -7843.862 / Time: 0h:1m:22s (0h:0m:0s left)
Log-likelihood cutoff on original alignment: -7869.604
NOTE: Bootstrap correlation coefficient of split occurrence frequencies: 1.000
TREE SEARCH COMPLETED AFTER 102 ITERATIONS / Time: 0h:1m:22s

--------------------------------------------------------------------
|                    FINALIZING TREE SEARCH                        |
--------------------------------------------------------------------
Performs final model parameters optimization
Estimate model parameters (epsilon = 0.010)
1. Initial log-likelihood: -7843.466
Optimal log-likelihood: -7843.462
Rate parameters:  A-C: 0.18818  A-G: 11.05949  A-T: 1.00000  C-G: 0.18818  C-T: 7.68417  G-T: 1.00000
Base frequencies:  A: 0.207  C: 0.146  G: 0.206  T: 0.441
Proportion of invariable sites: 0.607
Gamma shape alpha: 1.124
Parameters optimization took 1 rounds (0.007 sec)
BEST SCORE FOUND : -7843.462
Creating bootstrap support values...
Split supports printed to NEXUS file /scrfs/storage/amatthews/20230419_projects/20230512_cowbird/02_alignment_20241129/bhco_COI_AICc.splits.nex
Total tree length: 2.505

Total number of iterations: 102
CPU time used for tree search: 4.298 sec (0h:0m:4s)
Wall-clock time used for tree search: 4.328 sec (0h:0m:4s)
Total CPU time used: 127.133 sec (0h:2m:7s)
Total wall-clock time used: 82.738 sec (0h:1m:22s)

Computing bootstrap consensus tree...
Reading input file /scrfs/storage/amatthews/20230419_projects/20230512_cowbird/02_alignment_20241129/bhco_COI_AICc.splits.nex...
26 taxa and 123 splits.
Consensus tree written to /scrfs/storage/amatthews/20230419_projects/20230512_cowbird/02_alignment_20241129/bhco_COI_AICc.contree
Reading input trees file /scrfs/storage/amatthews/20230419_projects/20230512_cowbird/02_alignment_20241129/bhco_COI_AICc.contree
Log-likelihood of consensus tree: -7843.464

Analysis results written to: 
  IQ-TREE report:                /scrfs/storage/amatthews/20230419_projects/20230512_cowbird/02_alignment_20241129/bhco_COI_AICc.iqtree
  Maximum-likelihood tree:       /scrfs/storage/amatthews/20230419_projects/20230512_cowbird/02_alignment_20241129/bhco_COI_AICc.treefile
  Likelihood distances:          /scrfs/storage/amatthews/20230419_projects/20230512_cowbird/02_alignment_20241129/bhco_COI_AICc.mldist

Ultrafast bootstrap approximation results written to:
  Split support values:          /scrfs/storage/amatthews/20230419_projects/20230512_cowbird/02_alignment_20241129/bhco_COI_AICc.splits.nex
  Consensus tree:                /scrfs/storage/amatthews/20230419_projects/20230512_cowbird/02_alignment_20241129/bhco_COI_AICc.contree
  Screen log file:               /scrfs/storage/amatthews/20230419_projects/20230512_cowbird/02_alignment_20241129/bhco_COI_AICc.log

Date and Time: Fri Nov 29 14:56:54 2024
